  [1m[36m (1.1ms)[0m  [1mCREATE TABLE "schema_migrations" ("version" varchar NOT NULL) [0m
  [1m[35m (0.1ms)[0m  select sqlite_version(*)
  [1m[36m (1.3ms)[0m  [1mCREATE UNIQUE INDEX "unique_schema_migrations" ON "schema_migrations" ("version")[0m
  [1m[35mActiveRecord::SchemaMigration Load (0.1ms)[0m  SELECT "schema_migrations".* FROM "schema_migrations"
Migrating to CreateUsers (20151116171409)
  [1m[36m (0.1ms)[0m  [1mbegin transaction[0m
  [1m[35m (0.8ms)[0m  CREATE TABLE "users" ("id" INTEGER PRIMARY KEY AUTOINCREMENT NOT NULL, "email" varchar, "subdomain" varchar, "created_at" datetime NOT NULL, "updated_at" datetime NOT NULL) 
  [1m[36mSQL (0.1ms)[0m  [1mINSERT INTO "schema_migrations" ("version") VALUES (?)[0m  [["version", "20151116171409"]]
  [1m[35m (0.6ms)[0m  commit transaction
  [1m[36mActiveRecord::SchemaMigration Load (0.1ms)[0m  [1mSELECT "schema_migrations".* FROM "schema_migrations"[0m
  [1m[35m (0.1ms)[0m  SELECT "users"."subdomain" FROM "users"
  [1m[36m (0.1ms)[0m  [1mSELECT "users"."subdomain" FROM "users"[0m


Started GET "/users" for ::1 at 2015-11-16 10:17:55 -0700
  [1m[36mActiveRecord::SchemaMigration Load (0.1ms)[0m  [1mSELECT "schema_migrations".* FROM "schema_migrations"[0m
Processing by UsersController#index as HTML
  [1m[35mUser Load (0.3ms)[0m  SELECT "users".* FROM "users"
  Rendered users/index.html.erb within layouts/application (3.6ms)
Completed 200 OK in 1480ms (Views: 1462.7ms | ActiveRecord: 0.4ms)


Started GET "/assets/users.self-e3b0c44298fc1c149afbf4c8996fb92427ae41e4649b934ca495991b7852b855.css?body=1" for ::1 at 2015-11-16 10:17:57 -0700


Started GET "/assets/scaffolds.self-6a0c20b081e0678e1eb73ea0ac9da6e602393c0e9938907999ee81b7feadd73a.css?body=1" for ::1 at 2015-11-16 10:17:57 -0700


Started GET "/assets/jquery_ujs.self-d456baa54c1fa6be2ec3711f0a72ddf7a5b2f34a6b4f515f33767d6207b7d4b3.js?body=1" for ::1 at 2015-11-16 10:17:57 -0700


Started GET "/assets/application.self-e80e8f2318043e8af94dddc2adad5a4f09739a8ebb323b3ab31cd71d45fd9113.css?body=1" for ::1 at 2015-11-16 10:17:57 -0700


Started GET "/assets/turbolinks.self-c37727e9bd6b2735da5c311aa83fead54ed0be6cc8bd9a65309e9c5abe2cbfff.js?body=1" for ::1 at 2015-11-16 10:17:57 -0700


Started GET "/assets/jquery.self-a714331225dda820228db323939889f149aec0127aeb06255646b616ba1ca419.js?body=1" for ::1 at 2015-11-16 10:17:57 -0700


Started GET "/assets/users.self-877aef30ae1b040ab8a3aba4e3e309a11d7f2612f44dde450b5c157aa5f95c05.js?body=1" for ::1 at 2015-11-16 10:17:57 -0700


Started GET "/assets/application.self-3b8dabdc891efe46b9a144b400ad69e37d7e5876bdc39dee783419a69d7ca819.js?body=1" for ::1 at 2015-11-16 10:17:57 -0700


Started GET "/users/new" for ::1 at 2015-11-16 10:22:21 -0700
Processing by UsersController#new as HTML
  Rendered users/_form.html.erb (64.9ms)
  Rendered users/new.html.erb within layouts/application (70.3ms)
Completed 200 OK in 105ms (Views: 98.2ms | ActiveRecord: 0.4ms)


Started POST "/users" for ::1 at 2015-11-16 10:22:52 -0700
Processing by UsersController#create as HTML
  Parameters: {"utf8"=>"✓", "authenticity_token"=>"d8V519YI7gINX3X1CYW89cmvYYylF+zvR9U5y4nWrLFofykfGgNVQSNFmKvgHoDOSBHjEIRKfptqxmBQ4/N8Ww==", "user"=>{"email"=>"p5150j@foo.com", "subdomain"=>"foo"}, "commit"=>"Create User"}
  [1m[36m (0.2ms)[0m  [1mbegin transaction[0m
  [1m[35mSQL (0.4ms)[0m  INSERT INTO "users" ("email", "subdomain", "created_at", "updated_at") VALUES (?, ?, ?, ?)  [["email", "p5150j@foo.com"], ["subdomain", "foo"], ["created_at", "2015-11-16 17:22:52.161024"], ["updated_at", "2015-11-16 17:22:52.161024"]]
  [1m[36m (1.1ms)[0m  [1mCREATE TABLE "users" ("id" INTEGER PRIMARY KEY AUTOINCREMENT NOT NULL, "email" varchar, "subdomain" varchar, "created_at" datetime NOT NULL, "updated_at" datetime NOT NULL) [0m
  [1m[35m (0.9ms)[0m  CREATE TABLE "schema_migrations" ("version" varchar NOT NULL) 
  [1m[36m (0.0ms)[0m  [1mselect sqlite_version(*)[0m
  [1m[35m (0.9ms)[0m  CREATE UNIQUE INDEX "unique_schema_migrations" ON "schema_migrations" ("version")
  [1m[36m (0.1ms)[0m  [1mSELECT version FROM "schema_migrations"[0m
  [1m[35m (0.7ms)[0m  INSERT INTO "schema_migrations" (version) VALUES ('20151116171409')
  [1m[36m (0.6ms)[0m  [1mcommit transaction[0m
Redirected to http://localhost:3000/users/1
Completed 302 Found in 16ms (ActiveRecord: 5.5ms)


Started GET "/users/1" for ::1 at 2015-11-16 10:22:52 -0700
Processing by UsersController#show as HTML
  Parameters: {"id"=>"1"}
  [1m[35mUser Load (0.5ms)[0m  SELECT  "users".* FROM "users" WHERE "users"."id" = ? LIMIT 1  [["id", 1]]
  Rendered users/show.html.erb within layouts/application (1.0ms)
Completed 200 OK in 38ms (Views: 28.8ms | ActiveRecord: 0.5ms)


Started GET "/users/1" for 127.0.0.1 at 2015-11-16 10:23:33 -0700
Processing by UsersController#show as HTML
  Parameters: {"id"=>"1"}
  [1m[36mUser Load (0.3ms)[0m  [1mSELECT  "users".* FROM "users" WHERE "users"."id" = ? LIMIT 1[0m  [["id", 1]]
  Rendered users/show.html.erb within layouts/application (0.4ms)
Completed 200 OK in 26ms (Views: 24.0ms | ActiveRecord: 0.3ms)


Started GET "/assets/scaffolds.self-6a0c20b081e0678e1eb73ea0ac9da6e602393c0e9938907999ee81b7feadd73a.css?body=1" for 127.0.0.1 at 2015-11-16 10:23:33 -0700


Started GET "/assets/jquery.self-a714331225dda820228db323939889f149aec0127aeb06255646b616ba1ca419.js?body=1" for 127.0.0.1 at 2015-11-16 10:23:33 -0700


Started GET "/assets/application.self-e80e8f2318043e8af94dddc2adad5a4f09739a8ebb323b3ab31cd71d45fd9113.css?body=1" for 127.0.0.1 at 2015-11-16 10:23:33 -0700


Started GET "/assets/turbolinks.self-c37727e9bd6b2735da5c311aa83fead54ed0be6cc8bd9a65309e9c5abe2cbfff.js?body=1" for 127.0.0.1 at 2015-11-16 10:23:33 -0700


Started GET "/assets/users.self-e3b0c44298fc1c149afbf4c8996fb92427ae41e4649b934ca495991b7852b855.css?body=1" for 127.0.0.1 at 2015-11-16 10:23:33 -0700


Started GET "/assets/jquery_ujs.self-d456baa54c1fa6be2ec3711f0a72ddf7a5b2f34a6b4f515f33767d6207b7d4b3.js?body=1" for 127.0.0.1 at 2015-11-16 10:23:33 -0700


Started GET "/assets/users.self-877aef30ae1b040ab8a3aba4e3e309a11d7f2612f44dde450b5c157aa5f95c05.js?body=1" for 127.0.0.1 at 2015-11-16 10:23:33 -0700


Started GET "/assets/application.self-3b8dabdc891efe46b9a144b400ad69e37d7e5876bdc39dee783419a69d7ca819.js?body=1" for 127.0.0.1 at 2015-11-16 10:23:33 -0700


Started GET "/users/1" for 127.0.0.1 at 2015-11-16 10:24:19 -0700
Processing by UsersController#show as HTML
  Parameters: {"id"=>"1"}
  [1m[35mUser Load (0.3ms)[0m  SELECT  "users".* FROM "users" WHERE "users"."id" = ? LIMIT 1  [["id", 1]]
  Rendered users/show.html.erb within layouts/application (0.3ms)
Completed 200 OK in 79ms (Views: 78.3ms | ActiveRecord: 0.3ms)


Started GET "/assets/users.self-e3b0c44298fc1c149afbf4c8996fb92427ae41e4649b934ca495991b7852b855.css?body=1" for 127.0.0.1 at 2015-11-16 10:24:19 -0700


Started GET "/assets/scaffolds.self-6a0c20b081e0678e1eb73ea0ac9da6e602393c0e9938907999ee81b7feadd73a.css?body=1" for 127.0.0.1 at 2015-11-16 10:24:19 -0700


Started GET "/assets/jquery.self-a714331225dda820228db323939889f149aec0127aeb06255646b616ba1ca419.js?body=1" for 127.0.0.1 at 2015-11-16 10:24:19 -0700


Started GET "/assets/application.self-e80e8f2318043e8af94dddc2adad5a4f09739a8ebb323b3ab31cd71d45fd9113.css?body=1" for 127.0.0.1 at 2015-11-16 10:24:19 -0700


Started GET "/assets/jquery_ujs.self-d456baa54c1fa6be2ec3711f0a72ddf7a5b2f34a6b4f515f33767d6207b7d4b3.js?body=1" for 127.0.0.1 at 2015-11-16 10:24:19 -0700


Started GET "/assets/turbolinks.self-c37727e9bd6b2735da5c311aa83fead54ed0be6cc8bd9a65309e9c5abe2cbfff.js?body=1" for 127.0.0.1 at 2015-11-16 10:24:19 -0700


Started GET "/assets/users.self-877aef30ae1b040ab8a3aba4e3e309a11d7f2612f44dde450b5c157aa5f95c05.js?body=1" for 127.0.0.1 at 2015-11-16 10:24:19 -0700


Started GET "/assets/application.self-3b8dabdc891efe46b9a144b400ad69e37d7e5876bdc39dee783419a69d7ca819.js?body=1" for 127.0.0.1 at 2015-11-16 10:24:19 -0700


Started GET "/users" for 127.0.0.1 at 2015-11-16 10:25:02 -0700
Processing by UsersController#index as HTML
  [1m[36mUser Load (0.2ms)[0m  [1mSELECT "users".* FROM "users"[0m
  Rendered users/index.html.erb within layouts/application (1.9ms)
Completed 200 OK in 26ms (Views: 25.4ms | ActiveRecord: 0.2ms)
  [1m[36mActiveRecord::SchemaMigration Load (0.1ms)[0m  [1mSELECT "schema_migrations".* FROM "schema_migrations"[0m
Migrating to CreateProjects (20151116172607)
  [1m[35m (0.1ms)[0m  begin transaction
  [1m[36m (0.6ms)[0m  [1mCREATE TABLE "projects" ("id" INTEGER PRIMARY KEY AUTOINCREMENT NOT NULL, "title" varchar, "created_at" datetime NOT NULL, "updated_at" datetime NOT NULL) [0m
  [1m[35mSQL (0.2ms)[0m  INSERT INTO "schema_migrations" ("version") VALUES (?)  [["version", "20151116172607"]]
  [1m[36m (1.4ms)[0m  [1mcommit transaction[0m
  [1m[35mActiveRecord::SchemaMigration Load (0.1ms)[0m  SELECT "schema_migrations".* FROM "schema_migrations"
  [1m[36m (0.1ms)[0m  [1mSELECT "users"."subdomain" FROM "users"[0m
  [1m[35m (0.1ms)[0m  SELECT "users"."subdomain" FROM "users"
  [1m[36mActiveRecord::SchemaMigration Load (0.1ms)[0m  [1mSELECT "schema_migrations".* FROM "schema_migrations"[0m
Migrating to CreateProjects (20151116172607)
  [1m[35m (0.0ms)[0m  begin transaction
  [1m[36m (0.3ms)[0m  [1mCREATE TABLE "projects" ("id" INTEGER PRIMARY KEY AUTOINCREMENT NOT NULL, "title" varchar, "created_at" datetime NOT NULL, "updated_at" datetime NOT NULL) [0m
  [1m[35mSQL (0.1ms)[0m  INSERT INTO "schema_migrations" ("version") VALUES (?)  [["version", "20151116172607"]]
  [1m[36m (0.9ms)[0m  [1mcommit transaction[0m


Started GET "/projects/" for 127.0.0.1 at 2015-11-16 10:28:10 -0700
  [1m[36mActiveRecord::SchemaMigration Load (0.1ms)[0m  [1mSELECT "schema_migrations".* FROM "schema_migrations"[0m
Processing by ProjectsController#index as HTML
  [1m[35mProject Load (0.3ms)[0m  SELECT "projects".* FROM "projects"
  Rendered projects/index.html.erb within layouts/application (2.2ms)
Completed 200 OK in 380ms (Views: 362.8ms | ActiveRecord: 0.3ms)


Started GET "/assets/projects.self-e3b0c44298fc1c149afbf4c8996fb92427ae41e4649b934ca495991b7852b855.css?body=1" for 127.0.0.1 at 2015-11-16 10:28:10 -0700


Started GET "/assets/projects.self-877aef30ae1b040ab8a3aba4e3e309a11d7f2612f44dde450b5c157aa5f95c05.js?body=1" for 127.0.0.1 at 2015-11-16 10:28:10 -0700


Started GET "/users/new" for 127.0.0.1 at 2015-11-16 10:28:14 -0700
Processing by UsersController#new as HTML
  Rendered users/_form.html.erb (65.9ms)
  Rendered users/new.html.erb within layouts/application (68.4ms)
Completed 200 OK in 99ms (Views: 93.2ms | ActiveRecord: 0.4ms)


Started GET "/users/new" for 127.0.0.1 at 2015-11-16 10:28:14 -0700
Processing by UsersController#new as HTML
  Rendered users/_form.html.erb (1.9ms)
  Rendered users/new.html.erb within layouts/application (3.0ms)
Completed 200 OK in 35ms (Views: 34.4ms | ActiveRecord: 0.0ms)


Started POST "/users" for 127.0.0.1 at 2015-11-16 10:28:31 -0700
Processing by UsersController#create as HTML
  Parameters: {"utf8"=>"✓", "authenticity_token"=>"Smay3SY0cozc1sI6eME+QKBs8s0UOUzWnyaI1r93WgGUoL5HLByfMs2fk96ygvmuQQEDMmn94yP2VLWC3oX8Pw==", "user"=>{"email"=>"p5150j@yo.com", "subdomain"=>"yo"}, "commit"=>"Create User"}
  [1m[36m (0.2ms)[0m  [1mbegin transaction[0m
  [1m[35mSQL (0.4ms)[0m  INSERT INTO "users" ("email", "subdomain", "created_at", "updated_at") VALUES (?, ?, ?, ?)  [["email", "p5150j@yo.com"], ["subdomain", "yo"], ["created_at", "2015-11-16 17:28:31.654434"], ["updated_at", "2015-11-16 17:28:31.654434"]]
  [1m[36m (1.2ms)[0m  [1mCREATE TABLE "projects" ("id" INTEGER PRIMARY KEY AUTOINCREMENT NOT NULL, "title" varchar, "created_at" datetime NOT NULL, "updated_at" datetime NOT NULL) [0m
  [1m[35m (0.8ms)[0m  CREATE TABLE "users" ("id" INTEGER PRIMARY KEY AUTOINCREMENT NOT NULL, "email" varchar, "subdomain" varchar, "created_at" datetime NOT NULL, "updated_at" datetime NOT NULL) 
  [1m[36m (0.8ms)[0m  [1mCREATE TABLE "schema_migrations" ("version" varchar NOT NULL) [0m
  [1m[35m (0.1ms)[0m  select sqlite_version(*)
  [1m[36m (0.9ms)[0m  [1mCREATE UNIQUE INDEX "unique_schema_migrations" ON "schema_migrations" ("version")[0m
  [1m[35m (0.1ms)[0m  SELECT version FROM "schema_migrations"
  [1m[36m (0.8ms)[0m  [1mINSERT INTO "schema_migrations" (version) VALUES ('20151116172607')[0m
  [1m[35m (0.7ms)[0m  INSERT INTO "schema_migrations" (version) VALUES ('20151116171409')
  [1m[36m (0.5ms)[0m  [1mcommit transaction[0m
Redirected to http://foo.lvh.me:3000/users/2
Completed 302 Found in 17ms (ActiveRecord: 7.4ms)


Started GET "/users/2" for 127.0.0.1 at 2015-11-16 10:28:31 -0700
Processing by UsersController#show as HTML
  Parameters: {"id"=>"2"}
  [1m[35mUser Load (0.3ms)[0m  SELECT  "users".* FROM "users" WHERE "users"."id" = ? LIMIT 1  [["id", 2]]
  Rendered users/show.html.erb within layouts/application (0.7ms)
Completed 200 OK in 34ms (Views: 29.0ms | ActiveRecord: 0.3ms)


Started GET "/users" for 127.0.0.1 at 2015-11-16 10:28:33 -0700
Processing by UsersController#index as HTML
  [1m[36mUser Load (0.2ms)[0m  [1mSELECT "users".* FROM "users"[0m
  Rendered users/index.html.erb within layouts/application (2.1ms)
Completed 200 OK in 29ms (Views: 28.0ms | ActiveRecord: 0.2ms)


Started GET "/projects/new" for 127.0.0.1 at 2015-11-16 10:28:48 -0700
Processing by ProjectsController#new as HTML
  Rendered projects/_form.html.erb (2.3ms)
  Rendered projects/new.html.erb within layouts/application (3.4ms)
Completed 200 OK in 99ms (Views: 94.9ms | ActiveRecord: 0.4ms)


Started POST "/projects" for 127.0.0.1 at 2015-11-16 10:28:53 -0700
Processing by ProjectsController#create as HTML
  Parameters: {"utf8"=>"✓", "authenticity_token"=>"4oHPSV5U0BKoWCKVF0yUkXP6xDsekUPgNd4P59OHxQU8R8PTVHw9rLkRc3HdD1N/kpc1xGNV7BVcrDKzsnVjOw==", "project"=>{"title"=>"thin 1"}, "commit"=>"Create Project"}
  [1m[35m (0.2ms)[0m  begin transaction
  [1m[36mSQL (0.4ms)[0m  [1mINSERT INTO "projects" ("title", "created_at", "updated_at") VALUES (?, ?, ?)[0m  [["title", "thin 1"], ["created_at", "2015-11-16 17:28:53.252350"], ["updated_at", "2015-11-16 17:28:53.252350"]]
  [1m[35m (0.7ms)[0m  commit transaction
Redirected to http://foo.lvh.me:3000/projects/1
Completed 302 Found in 5ms (ActiveRecord: 1.4ms)


Started GET "/projects/1" for 127.0.0.1 at 2015-11-16 10:28:53 -0700
Processing by ProjectsController#show as HTML
  Parameters: {"id"=>"1"}
  [1m[36mProject Load (0.3ms)[0m  [1mSELECT  "projects".* FROM "projects" WHERE "projects"."id" = ? LIMIT 1[0m  [["id", 1]]
  Rendered projects/show.html.erb within layouts/application (0.8ms)
Completed 200 OK in 26ms (Views: 24.7ms | ActiveRecord: 0.3ms)


Started GET "/projects" for 127.0.0.1 at 2015-11-16 10:28:55 -0700
Processing by ProjectsController#index as HTML
  [1m[35mProject Load (0.2ms)[0m  SELECT "projects".* FROM "projects"
  Rendered projects/index.html.erb within layouts/application (1.7ms)
Completed 200 OK in 29ms (Views: 28.0ms | ActiveRecord: 0.2ms)


Started GET "/projects/new" for 127.0.0.1 at 2015-11-16 10:28:56 -0700
Processing by ProjectsController#new as HTML
  Rendered projects/_form.html.erb (1.2ms)
  Rendered projects/new.html.erb within layouts/application (1.8ms)
Completed 200 OK in 27ms (Views: 26.6ms | ActiveRecord: 0.0ms)


Started POST "/projects" for 127.0.0.1 at 2015-11-16 10:29:00 -0700
Processing by ProjectsController#create as HTML
  Parameters: {"utf8"=>"✓", "authenticity_token"=>"szKRDiI2AcpURFTMeLZpuLO4qZ+QirZo/C/wkpBXaDJt9J2UKB7sdEUNBSiy9a5WUtVYYO1OGZ2VXc3G8aXODA==", "project"=>{"title"=>"thin 2"}, "commit"=>"Create Project"}
  [1m[36m (0.2ms)[0m  [1mbegin transaction[0m
  [1m[35mSQL (0.3ms)[0m  INSERT INTO "projects" ("title", "created_at", "updated_at") VALUES (?, ?, ?)  [["title", "thin 2"], ["created_at", "2015-11-16 17:29:00.744585"], ["updated_at", "2015-11-16 17:29:00.744585"]]
  [1m[36m (0.8ms)[0m  [1mcommit transaction[0m
Redirected to http://foo.lvh.me:3000/projects/2
Completed 302 Found in 4ms (ActiveRecord: 1.3ms)


Started GET "/projects/2" for 127.0.0.1 at 2015-11-16 10:29:00 -0700
Processing by ProjectsController#show as HTML
  Parameters: {"id"=>"2"}
  [1m[35mProject Load (0.2ms)[0m  SELECT  "projects".* FROM "projects" WHERE "projects"."id" = ? LIMIT 1  [["id", 2]]
  Rendered projects/show.html.erb within layouts/application (0.3ms)
Completed 200 OK in 28ms (Views: 27.2ms | ActiveRecord: 0.2ms)


Started GET "/projects" for 127.0.0.1 at 2015-11-16 10:29:04 -0700
Processing by ProjectsController#index as HTML
  [1m[36mProject Load (0.3ms)[0m  [1mSELECT "projects".* FROM "projects"[0m
  Rendered projects/index.html.erb within layouts/application (1.3ms)
Completed 200 OK in 93ms (Views: 91.8ms | ActiveRecord: 0.3ms)


Started GET "/projects" for 127.0.0.1 at 2015-11-16 10:29:16 -0700
Processing by ProjectsController#index as HTML
  [1m[35mProject Load (0.3ms)[0m  SELECT "projects".* FROM "projects"
  Rendered projects/index.html.erb within layouts/application (0.9ms)
Completed 200 OK in 29ms (Views: 28.8ms | ActiveRecord: 0.2ms)


Started GET "/assets/scaffolds.self-6a0c20b081e0678e1eb73ea0ac9da6e602393c0e9938907999ee81b7feadd73a.css?body=1" for 127.0.0.1 at 2015-11-16 10:29:16 -0700


Started GET "/assets/projects.self-e3b0c44298fc1c149afbf4c8996fb92427ae41e4649b934ca495991b7852b855.css?body=1" for 127.0.0.1 at 2015-11-16 10:29:16 -0700


Started GET "/assets/application.self-e80e8f2318043e8af94dddc2adad5a4f09739a8ebb323b3ab31cd71d45fd9113.css?body=1" for 127.0.0.1 at 2015-11-16 10:29:16 -0700


Started GET "/assets/jquery.self-a714331225dda820228db323939889f149aec0127aeb06255646b616ba1ca419.js?body=1" for 127.0.0.1 at 2015-11-16 10:29:16 -0700


Started GET "/assets/users.self-e3b0c44298fc1c149afbf4c8996fb92427ae41e4649b934ca495991b7852b855.css?body=1" for 127.0.0.1 at 2015-11-16 10:29:16 -0700


Started GET "/assets/jquery_ujs.self-d456baa54c1fa6be2ec3711f0a72ddf7a5b2f34a6b4f515f33767d6207b7d4b3.js?body=1" for 127.0.0.1 at 2015-11-16 10:29:16 -0700


Started GET "/assets/turbolinks.self-c37727e9bd6b2735da5c311aa83fead54ed0be6cc8bd9a65309e9c5abe2cbfff.js?body=1" for 127.0.0.1 at 2015-11-16 10:29:16 -0700


Started GET "/assets/projects.self-877aef30ae1b040ab8a3aba4e3e309a11d7f2612f44dde450b5c157aa5f95c05.js?body=1" for 127.0.0.1 at 2015-11-16 10:29:16 -0700


Started GET "/assets/users.self-877aef30ae1b040ab8a3aba4e3e309a11d7f2612f44dde450b5c157aa5f95c05.js?body=1" for 127.0.0.1 at 2015-11-16 10:29:16 -0700


Started GET "/assets/application.self-3b8dabdc891efe46b9a144b400ad69e37d7e5876bdc39dee783419a69d7ca819.js?body=1" for 127.0.0.1 at 2015-11-16 10:29:16 -0700


Started GET "/users" for 127.0.0.1 at 2015-11-16 10:30:32 -0700
Processing by UsersController#index as HTML
  [1m[36mUser Load (0.3ms)[0m  [1mSELECT "users".* FROM "users"[0m
  Rendered users/index.html.erb within layouts/application (2.5ms)
Completed 200 OK in 33ms (Views: 32.4ms | ActiveRecord: 0.3ms)


Started GET "/assets/projects.self-e3b0c44298fc1c149afbf4c8996fb92427ae41e4649b934ca495991b7852b855.css?body=1" for 127.0.0.1 at 2015-11-16 10:30:32 -0700


Started GET "/assets/projects.self-877aef30ae1b040ab8a3aba4e3e309a11d7f2612f44dde450b5c157aa5f95c05.js?body=1" for 127.0.0.1 at 2015-11-16 10:30:32 -0700


Started GET "/projects/new" for 127.0.0.1 at 2015-11-16 10:30:55 -0700
Processing by ProjectsController#new as HTML
  Rendered projects/_form.html.erb (1.1ms)
  Rendered projects/new.html.erb within layouts/application (1.7ms)
Completed 200 OK in 29ms (Views: 28.6ms | ActiveRecord: 0.0ms)


Started POST "/projects" for 127.0.0.1 at 2015-11-16 10:31:02 -0700
Processing by ProjectsController#create as HTML
  Parameters: {"utf8"=>"✓", "authenticity_token"=>"H0HYo0OOkryMckjAf6h/SrMLibiCl0wdeWjUI5s2xWjuJl7t0oeeCDAX2X11mnTeOXeE+2Yxacn12yoQbbQuMQ==", "project"=>{"title"=>"nope"}, "commit"=>"Create Project"}
  [1m[35m (0.2ms)[0m  begin transaction
  [1m[36mSQL (0.4ms)[0m  [1mINSERT INTO "projects" ("title", "created_at", "updated_at") VALUES (?, ?, ?)[0m  [["title", "nope"], ["created_at", "2015-11-16 17:31:02.278471"], ["updated_at", "2015-11-16 17:31:02.278471"]]
  [1m[35m (0.6ms)[0m  commit transaction
Redirected to http://yo.lvh.me:3000/projects/1
Completed 302 Found in 4ms (ActiveRecord: 1.2ms)


Started GET "/projects/1" for 127.0.0.1 at 2015-11-16 10:31:02 -0700
Processing by ProjectsController#show as HTML
  Parameters: {"id"=>"1"}
  [1m[36mProject Load (0.3ms)[0m  [1mSELECT  "projects".* FROM "projects" WHERE "projects"."id" = ? LIMIT 1[0m  [["id", 1]]
  Rendered projects/show.html.erb within layouts/application (0.3ms)
Completed 200 OK in 31ms (Views: 29.5ms | ActiveRecord: 0.3ms)


Started GET "/projects" for 127.0.0.1 at 2015-11-16 10:31:04 -0700
Processing by ProjectsController#index as HTML
  [1m[35mProject Load (0.3ms)[0m  SELECT "projects".* FROM "projects"
  Rendered projects/index.html.erb within layouts/application (1.3ms)
Completed 200 OK in 28ms (Views: 27.6ms | ActiveRecord: 0.3ms)


Started GET "/projects" for 127.0.0.1 at 2015-11-16 10:31:19 -0700
Processing by ProjectsController#index as HTML
  [1m[36mProject Load (0.2ms)[0m  [1mSELECT "projects".* FROM "projects"[0m
  Rendered projects/index.html.erb within layouts/application (1.2ms)
Completed 200 OK in 28ms (Views: 27.2ms | ActiveRecord: 0.2ms)
